<?xml version="1.0" encoding="UTF-8"?>
<!-- Generated by org.testng.reporters.JUnitXMLReporter -->
<testsuite hostname="HP" name="Test" tests="31" failures="0" timestamp="25 Jan 2018 05:15:09 GMT" time="13.609" errors="0">
  <testcase name="brandType" time="3.652" classname="com.groupid.firstmavenproject.CCMApiTest"/>
  <testcase name="getcountry" time="0.255" classname="com.groupid.firstmavenproject.CCMApiTest"/>
  <testcase name="categoryType" time="0.357" classname="com.groupid.firstmavenproject.CCMApiTest"/>
  <testcase name="submitFeedback" time="0.374" classname="com.groupid.firstmavenproject.CCMApiTest"/>
  <testcase name="registerUser" time="0.249" classname="com.groupid.firstmavenproject.CCMApiTest"/>
  <testcase name="ccmLogin" time="1.511" classname="com.groupid.firstmavenproject.CCMApiTest"/>
  <testcase name="myRewards" time="0.239" classname="com.groupid.firstmavenproject.CCMApiTest"/>
  <testcase name="updatedevicedetails" time="0.211" classname="com.groupid.firstmavenproject.CCMApiTest"/>
  <testcase name="forgotpassword" time="0.223" classname="com.groupid.firstmavenproject.CCMApiTest"/>
  <testcase name="myprofile" time="0.208" classname="com.groupid.firstmavenproject.CCMApiTest"/>
  <testcase name="updateprofile" time="0.215" classname="com.groupid.firstmavenproject.CCMApiTest"/>
  <testcase name="changepassword" time="0.409" classname="com.groupid.firstmavenproject.CCMApiTest"/>
  <testcase name="sendverificationlink" time="0.234" classname="com.groupid.firstmavenproject.CCMApiTest"/>
  <testcase name="productlist" time="0.492" classname="com.groupid.firstmavenproject.CCMApiTest"/>
  <testcase name="productimage" time="0.238" classname="com.groupid.firstmavenproject.CCMApiTest"/>
  <testcase name="basicpages" time="0.427" classname="com.groupid.firstmavenproject.CCMApiTest"/>
  <testcase name="getfeedbacktype" time="0.195" classname="com.groupid.firstmavenproject.CCMApiTest"/>
  <testcase name="giftdetail" time="0.204" classname="com.groupid.firstmavenproject.CCMApiTest"/>
  <testcase name="mypoints" time="0.209" classname="com.groupid.firstmavenproject.CCMApiTest"/>
  <testcase name="mygifts" time="0.221" classname="com.groupid.firstmavenproject.CCMApiTest"/>
  <testcase name="advertisementsdetail" time="0.241" classname="com.groupid.firstmavenproject.CCMApiTest"/>
  <testcase name="advertisementsdelete" time="0.238" classname="com.groupid.firstmavenproject.CCMApiTest"/>
  <testcase name="promotionlist" time="0.196" classname="com.groupid.firstmavenproject.CCMApiTest"/>
  <testcase name="promotionproductlist" time="0.194" classname="com.groupid.firstmavenproject.CCMApiTest"/>
  <testcase name="userpoint" time="0.234" classname="com.groupid.firstmavenproject.CCMApiTest"/>
  <testcase name="usergiftlist" time="0.217" classname="com.groupid.firstmavenproject.CCMApiTest"/>
  <testcase name="productstore" time="0.247" classname="com.groupid.firstmavenproject.CCMApiTest"/>
  <testcase name="advertisementgetproduct" time="0.198" classname="com.groupid.firstmavenproject.CCMApiTest"/>
  <testcase name="randomadvertisement" time="0.246" classname="com.groupid.firstmavenproject.CCMApiTest"/>
  <testcase name="advertisementlist" time="0.256" classname="com.groupid.firstmavenproject.CCMApiTest"/>
  <testcase name="logOut" time="0.235" classname="com.groupid.firstmavenproject.CCMApiTest"/>
</testsuite> <!-- Test -->
