<?xml version="1.0" encoding="UTF-8"?>
<testng-results skipped="0" failed="0" total="30" passed="30">
  <reporter-output>
  </reporter-output>
  <suite name="Default suite" duration-ms="14198" started-at="2018-01-25T12:02:14Z" finished-at="2018-01-25T12:02:28Z">
    <groups>
    </groups>
    <test name="Default test" duration-ms="14198" started-at="2018-01-25T12:02:14Z" finished-at="2018-01-25T12:02:28Z">
      <class name="com.groupid.firstmavenproject.CCMApiTest">
        <test-method status="PASS" signature="baseUrl()[pri:0, instance:com.groupid.firstmavenproject.CCMApiTest@523884b2]" name="baseUrl" is-config="true" duration-ms="920" started-at="2018-01-25T17:32:14Z" finished-at="2018-01-25T17:32:15Z">
          <reporter-output>
          </reporter-output>
        </test-method> <!-- baseUrl -->
        <test-method status="PASS" signature="brandType()[pri:0, instance:com.groupid.firstmavenproject.CCMApiTest@523884b2]" name="brandType" duration-ms="3484" started-at="2018-01-25T17:32:15Z" finished-at="2018-01-25T17:32:19Z">
          <reporter-output>
          </reporter-output>
        </test-method> <!-- brandType -->
        <test-method status="PASS" signature="getcountry()[pri:0, instance:com.groupid.firstmavenproject.CCMApiTest@523884b2]" name="getcountry" duration-ms="297" started-at="2018-01-25T17:32:19Z" finished-at="2018-01-25T17:32:19Z">
          <reporter-output>
          </reporter-output>
        </test-method> <!-- getcountry -->
        <test-method status="PASS" signature="baseUrl()[pri:0, instance:com.groupid.firstmavenproject.CCMApiTest@523884b2]" name="baseUrl" is-config="true" duration-ms="0" started-at="2018-01-25T17:32:19Z" finished-at="2018-01-25T17:32:19Z">
          <reporter-output>
          </reporter-output>
        </test-method> <!-- baseUrl -->
        <test-method status="PASS" signature="baseUrl()[pri:0, instance:com.groupid.firstmavenproject.CCMApiTest@523884b2]" name="baseUrl" is-config="true" duration-ms="0" started-at="2018-01-25T17:32:19Z" finished-at="2018-01-25T17:32:19Z">
          <reporter-output>
          </reporter-output>
        </test-method> <!-- baseUrl -->
        <test-method status="PASS" signature="categoryType()[pri:0, instance:com.groupid.firstmavenproject.CCMApiTest@523884b2]" name="categoryType" duration-ms="359" started-at="2018-01-25T17:32:19Z" finished-at="2018-01-25T17:32:19Z">
          <reporter-output>
          </reporter-output>
        </test-method> <!-- categoryType -->
        <test-method status="PASS" signature="registerUser()[pri:0, instance:com.groupid.firstmavenproject.CCMApiTest@523884b2]" name="registerUser" duration-ms="474" started-at="2018-01-25T17:32:19Z" finished-at="2018-01-25T17:32:20Z">
          <reporter-output>
          </reporter-output>
        </test-method> <!-- registerUser -->
        <test-method status="PASS" signature="baseUrl()[pri:0, instance:com.groupid.firstmavenproject.CCMApiTest@523884b2]" name="baseUrl" is-config="true" duration-ms="0" started-at="2018-01-25T17:32:19Z" finished-at="2018-01-25T17:32:19Z">
          <reporter-output>
          </reporter-output>
        </test-method> <!-- baseUrl -->
        <test-method status="PASS" signature="ccmLogin()[pri:0, instance:com.groupid.firstmavenproject.CCMApiTest@523884b2]" name="ccmLogin" duration-ms="1660" started-at="2018-01-25T17:32:20Z" finished-at="2018-01-25T17:32:21Z">
          <reporter-output>
          </reporter-output>
        </test-method> <!-- ccmLogin -->
        <test-method status="PASS" signature="baseUrl()[pri:0, instance:com.groupid.firstmavenproject.CCMApiTest@523884b2]" name="baseUrl" is-config="true" duration-ms="0" started-at="2018-01-25T17:32:20Z" finished-at="2018-01-25T17:32:20Z">
          <reporter-output>
          </reporter-output>
        </test-method> <!-- baseUrl -->
        <test-method status="PASS" signature="baseUrl()[pri:0, instance:com.groupid.firstmavenproject.CCMApiTest@523884b2]" name="baseUrl" is-config="true" duration-ms="0" started-at="2018-01-25T17:32:21Z" finished-at="2018-01-25T17:32:21Z">
          <reporter-output>
          </reporter-output>
        </test-method> <!-- baseUrl -->
        <test-method status="PASS" signature="myRewards()[pri:0, instance:com.groupid.firstmavenproject.CCMApiTest@523884b2]" name="myRewards" duration-ms="265" started-at="2018-01-25T17:32:21Z" finished-at="2018-01-25T17:32:22Z">
          <reporter-output>
          </reporter-output>
        </test-method> <!-- myRewards -->
        <test-method status="PASS" signature="baseUrl()[pri:0, instance:com.groupid.firstmavenproject.CCMApiTest@523884b2]" name="baseUrl" is-config="true" duration-ms="0" started-at="2018-01-25T17:32:22Z" finished-at="2018-01-25T17:32:22Z">
          <reporter-output>
          </reporter-output>
        </test-method> <!-- baseUrl -->
        <test-method status="PASS" signature="updatedevicedetails()[pri:0, instance:com.groupid.firstmavenproject.CCMApiTest@523884b2]" name="updatedevicedetails" duration-ms="266" started-at="2018-01-25T17:32:22Z" finished-at="2018-01-25T17:32:22Z">
          <reporter-output>
          </reporter-output>
        </test-method> <!-- updatedevicedetails -->
        <test-method status="PASS" signature="forgotpassword()[pri:0, instance:com.groupid.firstmavenproject.CCMApiTest@523884b2]" name="forgotpassword" duration-ms="297" started-at="2018-01-25T17:32:22Z" finished-at="2018-01-25T17:32:22Z">
          <reporter-output>
          </reporter-output>
        </test-method> <!-- forgotpassword -->
        <test-method status="PASS" signature="baseUrl()[pri:0, instance:com.groupid.firstmavenproject.CCMApiTest@523884b2]" name="baseUrl" is-config="true" duration-ms="0" started-at="2018-01-25T17:32:22Z" finished-at="2018-01-25T17:32:22Z">
          <reporter-output>
          </reporter-output>
        </test-method> <!-- baseUrl -->
        <test-method status="PASS" signature="baseUrl()[pri:0, instance:com.groupid.firstmavenproject.CCMApiTest@523884b2]" name="baseUrl" is-config="true" duration-ms="0" started-at="2018-01-25T17:32:22Z" finished-at="2018-01-25T17:32:22Z">
          <reporter-output>
          </reporter-output>
        </test-method> <!-- baseUrl -->
        <test-method status="PASS" signature="myprofile()[pri:0, instance:com.groupid.firstmavenproject.CCMApiTest@523884b2]" name="myprofile" duration-ms="403" started-at="2018-01-25T17:32:22Z" finished-at="2018-01-25T17:32:23Z">
          <reporter-output>
          </reporter-output>
        </test-method> <!-- myprofile -->
        <test-method status="PASS" signature="updateprofile()[pri:0, instance:com.groupid.firstmavenproject.CCMApiTest@523884b2]" name="updateprofile" duration-ms="218" started-at="2018-01-25T17:32:23Z" finished-at="2018-01-25T17:32:23Z">
          <reporter-output>
          </reporter-output>
        </test-method> <!-- updateprofile -->
        <test-method status="PASS" signature="baseUrl()[pri:0, instance:com.groupid.firstmavenproject.CCMApiTest@523884b2]" name="baseUrl" is-config="true" duration-ms="0" started-at="2018-01-25T17:32:23Z" finished-at="2018-01-25T17:32:23Z">
          <reporter-output>
          </reporter-output>
        </test-method> <!-- baseUrl -->
        <test-method status="PASS" signature="baseUrl()[pri:0, instance:com.groupid.firstmavenproject.CCMApiTest@523884b2]" name="baseUrl" is-config="true" duration-ms="0" started-at="2018-01-25T17:32:23Z" finished-at="2018-01-25T17:32:23Z">
          <reporter-output>
          </reporter-output>
        </test-method> <!-- baseUrl -->
        <test-method status="PASS" signature="changepassword()[pri:0, instance:com.groupid.firstmavenproject.CCMApiTest@523884b2]" name="changepassword" duration-ms="344" started-at="2018-01-25T17:32:23Z" finished-at="2018-01-25T17:32:23Z">
          <reporter-output>
          </reporter-output>
        </test-method> <!-- changepassword -->
        <test-method status="PASS" signature="sendverificationlink()[pri:0, instance:com.groupid.firstmavenproject.CCMApiTest@523884b2]" name="sendverificationlink" duration-ms="259" started-at="2018-01-25T17:32:23Z" finished-at="2018-01-25T17:32:24Z">
          <reporter-output>
          </reporter-output>
        </test-method> <!-- sendverificationlink -->
        <test-method status="PASS" signature="baseUrl()[pri:0, instance:com.groupid.firstmavenproject.CCMApiTest@523884b2]" name="baseUrl" is-config="true" duration-ms="0" started-at="2018-01-25T17:32:23Z" finished-at="2018-01-25T17:32:23Z">
          <reporter-output>
          </reporter-output>
        </test-method> <!-- baseUrl -->
        <test-method status="PASS" signature="productlist()[pri:0, instance:com.groupid.firstmavenproject.CCMApiTest@523884b2]" name="productlist" duration-ms="297" started-at="2018-01-25T17:32:24Z" finished-at="2018-01-25T17:32:24Z">
          <reporter-output>
          </reporter-output>
        </test-method> <!-- productlist -->
        <test-method status="PASS" signature="baseUrl()[pri:0, instance:com.groupid.firstmavenproject.CCMApiTest@523884b2]" name="baseUrl" is-config="true" duration-ms="0" started-at="2018-01-25T17:32:24Z" finished-at="2018-01-25T17:32:24Z">
          <reporter-output>
          </reporter-output>
        </test-method> <!-- baseUrl -->
        <test-method status="PASS" signature="baseUrl()[pri:0, instance:com.groupid.firstmavenproject.CCMApiTest@523884b2]" name="baseUrl" is-config="true" duration-ms="0" started-at="2018-01-25T17:32:24Z" finished-at="2018-01-25T17:32:24Z">
          <reporter-output>
          </reporter-output>
        </test-method> <!-- baseUrl -->
        <test-method status="PASS" signature="productimage()[pri:0, instance:com.groupid.firstmavenproject.CCMApiTest@523884b2]" name="productimage" duration-ms="234" started-at="2018-01-25T17:32:24Z" finished-at="2018-01-25T17:32:24Z">
          <reporter-output>
          </reporter-output>
        </test-method> <!-- productimage -->
        <test-method status="PASS" signature="baseUrl()[pri:0, instance:com.groupid.firstmavenproject.CCMApiTest@523884b2]" name="baseUrl" is-config="true" duration-ms="0" started-at="2018-01-25T17:32:24Z" finished-at="2018-01-25T17:32:24Z">
          <reporter-output>
          </reporter-output>
        </test-method> <!-- baseUrl -->
        <test-method status="PASS" signature="basicpages()[pri:0, instance:com.groupid.firstmavenproject.CCMApiTest@523884b2]" name="basicpages" duration-ms="814" started-at="2018-01-25T17:32:24Z" finished-at="2018-01-25T17:32:25Z">
          <reporter-output>
          </reporter-output>
        </test-method> <!-- basicpages -->
        <test-method status="PASS" signature="getfeedbacktype()[pri:0, instance:com.groupid.firstmavenproject.CCMApiTest@523884b2]" name="getfeedbacktype" duration-ms="235" started-at="2018-01-25T17:32:25Z" finished-at="2018-01-25T17:32:25Z">
          <reporter-output>
          </reporter-output>
        </test-method> <!-- getfeedbacktype -->
        <test-method status="PASS" signature="baseUrl()[pri:0, instance:com.groupid.firstmavenproject.CCMApiTest@523884b2]" name="baseUrl" is-config="true" duration-ms="0" started-at="2018-01-25T17:32:25Z" finished-at="2018-01-25T17:32:25Z">
          <reporter-output>
          </reporter-output>
        </test-method> <!-- baseUrl -->
        <test-method status="PASS" signature="baseUrl()[pri:0, instance:com.groupid.firstmavenproject.CCMApiTest@523884b2]" name="baseUrl" is-config="true" duration-ms="0" started-at="2018-01-25T17:32:25Z" finished-at="2018-01-25T17:32:25Z">
          <reporter-output>
          </reporter-output>
        </test-method> <!-- baseUrl -->
        <test-method status="PASS" signature="giftdetail()[pri:0, instance:com.groupid.firstmavenproject.CCMApiTest@523884b2]" name="giftdetail" duration-ms="306" started-at="2018-01-25T17:32:25Z" finished-at="2018-01-25T17:32:25Z">
          <reporter-output>
          </reporter-output>
        </test-method> <!-- giftdetail -->
        <test-method status="PASS" signature="baseUrl()[pri:0, instance:com.groupid.firstmavenproject.CCMApiTest@523884b2]" name="baseUrl" is-config="true" duration-ms="0" started-at="2018-01-25T17:32:25Z" finished-at="2018-01-25T17:32:25Z">
          <reporter-output>
          </reporter-output>
        </test-method> <!-- baseUrl -->
        <test-method status="PASS" signature="mypoints()[pri:0, instance:com.groupid.firstmavenproject.CCMApiTest@523884b2]" name="mypoints" duration-ms="239" started-at="2018-01-25T17:32:25Z" finished-at="2018-01-25T17:32:26Z">
          <reporter-output>
          </reporter-output>
        </test-method> <!-- mypoints -->
        <test-method status="PASS" signature="baseUrl()[pri:0, instance:com.groupid.firstmavenproject.CCMApiTest@523884b2]" name="baseUrl" is-config="true" duration-ms="0" started-at="2018-01-25T17:32:26Z" finished-at="2018-01-25T17:32:26Z">
          <reporter-output>
          </reporter-output>
        </test-method> <!-- baseUrl -->
        <test-method status="PASS" signature="mygifts()[pri:0, instance:com.groupid.firstmavenproject.CCMApiTest@523884b2]" name="mygifts" duration-ms="219" started-at="2018-01-25T17:32:26Z" finished-at="2018-01-25T17:32:26Z">
          <reporter-output>
          </reporter-output>
        </test-method> <!-- mygifts -->
        <test-method status="PASS" signature="baseUrl()[pri:0, instance:com.groupid.firstmavenproject.CCMApiTest@523884b2]" name="baseUrl" is-config="true" duration-ms="0" started-at="2018-01-25T17:32:26Z" finished-at="2018-01-25T17:32:26Z">
          <reporter-output>
          </reporter-output>
        </test-method> <!-- baseUrl -->
        <test-method status="PASS" signature="advertisementsdetail()[pri:0, instance:com.groupid.firstmavenproject.CCMApiTest@523884b2]" name="advertisementsdetail" duration-ms="203" started-at="2018-01-25T17:32:26Z" finished-at="2018-01-25T17:32:26Z">
          <reporter-output>
          </reporter-output>
        </test-method> <!-- advertisementsdetail -->
        <test-method status="PASS" signature="baseUrl()[pri:0, instance:com.groupid.firstmavenproject.CCMApiTest@523884b2]" name="baseUrl" is-config="true" duration-ms="0" started-at="2018-01-25T17:32:26Z" finished-at="2018-01-25T17:32:26Z">
          <reporter-output>
          </reporter-output>
        </test-method> <!-- baseUrl -->
        <test-method status="PASS" signature="advertisementsdelete()[pri:0, instance:com.groupid.firstmavenproject.CCMApiTest@523884b2]" name="advertisementsdelete" duration-ms="219" started-at="2018-01-25T17:32:26Z" finished-at="2018-01-25T17:32:26Z">
          <reporter-output>
          </reporter-output>
        </test-method> <!-- advertisementsdelete -->
        <test-method status="PASS" signature="promotionlist()[pri:0, instance:com.groupid.firstmavenproject.CCMApiTest@523884b2]" name="promotionlist" duration-ms="198" started-at="2018-01-25T17:32:26Z" finished-at="2018-01-25T17:32:27Z">
          <reporter-output>
          </reporter-output>
        </test-method> <!-- promotionlist -->
        <test-method status="PASS" signature="baseUrl()[pri:0, instance:com.groupid.firstmavenproject.CCMApiTest@523884b2]" name="baseUrl" is-config="true" duration-ms="0" started-at="2018-01-25T17:32:26Z" finished-at="2018-01-25T17:32:26Z">
          <reporter-output>
          </reporter-output>
        </test-method> <!-- baseUrl -->
        <test-method status="PASS" signature="baseUrl()[pri:0, instance:com.groupid.firstmavenproject.CCMApiTest@523884b2]" name="baseUrl" is-config="true" duration-ms="16" started-at="2018-01-25T17:32:27Z" finished-at="2018-01-25T17:32:27Z">
          <reporter-output>
          </reporter-output>
        </test-method> <!-- baseUrl -->
        <test-method status="PASS" signature="promotionproductlist()[pri:0, instance:com.groupid.firstmavenproject.CCMApiTest@523884b2]" name="promotionproductlist" duration-ms="203" started-at="2018-01-25T17:32:27Z" finished-at="2018-01-25T17:32:27Z">
          <reporter-output>
          </reporter-output>
        </test-method> <!-- promotionproductlist -->
        <test-method status="PASS" signature="baseUrl()[pri:0, instance:com.groupid.firstmavenproject.CCMApiTest@523884b2]" name="baseUrl" is-config="true" duration-ms="0" started-at="2018-01-25T17:32:27Z" finished-at="2018-01-25T17:32:27Z">
          <reporter-output>
          </reporter-output>
        </test-method> <!-- baseUrl -->
        <test-method status="PASS" signature="userpoint()[pri:0, instance:com.groupid.firstmavenproject.CCMApiTest@523884b2]" name="userpoint" duration-ms="234" started-at="2018-01-25T17:32:27Z" finished-at="2018-01-25T17:32:27Z">
          <reporter-output>
          </reporter-output>
        </test-method> <!-- userpoint -->
        <test-method status="PASS" signature="usergiftlist()[pri:0, instance:com.groupid.firstmavenproject.CCMApiTest@523884b2]" name="usergiftlist" duration-ms="297" started-at="2018-01-25T17:32:27Z" finished-at="2018-01-25T17:32:27Z">
          <reporter-output>
          </reporter-output>
        </test-method> <!-- usergiftlist -->
        <test-method status="PASS" signature="baseUrl()[pri:0, instance:com.groupid.firstmavenproject.CCMApiTest@523884b2]" name="baseUrl" is-config="true" duration-ms="0" started-at="2018-01-25T17:32:27Z" finished-at="2018-01-25T17:32:27Z">
          <reporter-output>
          </reporter-output>
        </test-method> <!-- baseUrl -->
        <test-method status="PASS" signature="baseUrl()[pri:0, instance:com.groupid.firstmavenproject.CCMApiTest@523884b2]" name="baseUrl" is-config="true" duration-ms="0" started-at="2018-01-25T17:32:27Z" finished-at="2018-01-25T17:32:27Z">
          <reporter-output>
          </reporter-output>
        </test-method> <!-- baseUrl -->
        <test-method status="PASS" signature="productstore()[pri:0, instance:com.groupid.firstmavenproject.CCMApiTest@523884b2]" name="productstore" duration-ms="222" started-at="2018-01-25T17:32:27Z" finished-at="2018-01-25T17:32:28Z">
          <reporter-output>
          </reporter-output>
        </test-method> <!-- productstore -->
        <test-method status="PASS" signature="baseUrl()[pri:0, instance:com.groupid.firstmavenproject.CCMApiTest@523884b2]" name="baseUrl" is-config="true" duration-ms="0" started-at="2018-01-25T17:32:28Z" finished-at="2018-01-25T17:32:28Z">
          <reporter-output>
          </reporter-output>
        </test-method> <!-- baseUrl -->
        <test-method status="PASS" signature="advertisementgetproduct()[pri:0, instance:com.groupid.firstmavenproject.CCMApiTest@523884b2]" name="advertisementgetproduct" duration-ms="219" started-at="2018-01-25T17:32:28Z" finished-at="2018-01-25T17:32:28Z">
          <reporter-output>
          </reporter-output>
        </test-method> <!-- advertisementgetproduct -->
        <test-method status="PASS" signature="randomadvertisement()[pri:0, instance:com.groupid.firstmavenproject.CCMApiTest@523884b2]" name="randomadvertisement" duration-ms="214" started-at="2018-01-25T17:32:28Z" finished-at="2018-01-25T17:32:28Z">
          <reporter-output>
          </reporter-output>
        </test-method> <!-- randomadvertisement -->
        <test-method status="PASS" signature="baseUrl()[pri:0, instance:com.groupid.firstmavenproject.CCMApiTest@523884b2]" name="baseUrl" is-config="true" duration-ms="0" started-at="2018-01-25T17:32:28Z" finished-at="2018-01-25T17:32:28Z">
          <reporter-output>
          </reporter-output>
        </test-method> <!-- baseUrl -->
        <test-method status="PASS" signature="baseUrl()[pri:0, instance:com.groupid.firstmavenproject.CCMApiTest@523884b2]" name="baseUrl" is-config="true" duration-ms="0" started-at="2018-01-25T17:32:28Z" finished-at="2018-01-25T17:32:28Z">
          <reporter-output>
          </reporter-output>
        </test-method> <!-- baseUrl -->
        <test-method status="PASS" signature="advertisementlist()[pri:0, instance:com.groupid.firstmavenproject.CCMApiTest@523884b2]" name="advertisementlist" duration-ms="242" started-at="2018-01-25T17:32:28Z" finished-at="2018-01-25T17:32:28Z">
          <reporter-output>
          </reporter-output>
        </test-method> <!-- advertisementlist -->
        <test-method status="PASS" signature="baseUrl()[pri:0, instance:com.groupid.firstmavenproject.CCMApiTest@523884b2]" name="baseUrl" is-config="true" duration-ms="0" started-at="2018-01-25T17:32:28Z" finished-at="2018-01-25T17:32:28Z">
          <reporter-output>
          </reporter-output>
        </test-method> <!-- baseUrl -->
        <test-method status="PASS" signature="logOut()[pri:0, instance:com.groupid.firstmavenproject.CCMApiTest@523884b2]" name="logOut" duration-ms="219" started-at="2018-01-25T17:32:28Z" finished-at="2018-01-25T17:32:28Z">
          <reporter-output>
          </reporter-output>
        </test-method> <!-- logOut -->
      </class> <!-- com.groupid.firstmavenproject.CCMApiTest -->
    </test> <!-- Default test -->
  </suite> <!-- Default suite -->
</testng-results>
